\BOOKMARK [1][-]{section.1}{\376\377\000T\000h\000e\000o\000r\000y}{}% 1
\BOOKMARK [2][-]{subsection.1.1}{\376\377\000N\000e\000t\000w\000o\000r\000k\000\040\000F\000o\000r\000m\000a\000t\000i\000o\000n}{section.1}% 2
\BOOKMARK [3][-]{subsubsection.1.1.1}{\376\377\000S\000o\000c\000i\000a\000l\000\040\000N\000e\000t\000w\000o\000r\000k\000s}{subsection.1.1}% 3
\BOOKMARK [3][-]{subsubsection.1.1.2}{\376\377\000C\000a\000n\000d\000i\000d\000a\000t\000e\000\040\000M\000o\000d\000e\000l\000s}{subsection.1.1}% 4
\BOOKMARK [3][-]{subsubsection.1.1.3}{\376\377\000T\000h\000e\000\040\000p\000r\000o\000b\000l\000e\000m\000s\000\040\000w\000i\000t\000h\000\040\000c\000u\000r\000r\000e\000n\000t\000\040\000m\000o\000d\000e\000l\000s}{subsection.1.1}% 5
\BOOKMARK [2][-]{subsection.1.2}{\376\377\000S\000o\000c\000i\000a\000l\000\040\000I\000n\000f\000l\000u\000e\000n\000c\000e}{section.1}% 6
\BOOKMARK [3][-]{subsubsection.1.2.1}{\376\377\000H\000o\000m\000o\000p\000h\000i\000l\000y}{subsection.1.2}% 7
\BOOKMARK [3][-]{subsubsection.1.2.2}{\376\377\000X\000e\000n\000o\000p\000h\000o\000b\000i\000a}{subsection.1.2}% 8
\BOOKMARK [3][-]{subsubsection.1.2.3}{\376\377\000S\000h\000a\000p\000i\000n\000g\000\040\000o\000p\000i\000n\000i\000o\000n\000s}{subsection.1.2}% 9
\BOOKMARK [3][-]{subsubsection.1.2.4}{\376\377\000M\000o\000d\000e\000l\000s\000\040\000o\000f\000\040\000S\000o\000c\000i\000a\000l\000\040\000I\000n\000f\000l\000u\000e\000n\000c\000e}{subsection.1.2}% 10
\BOOKMARK [2][-]{subsection.1.3}{\376\377\000A\000\040\000n\000e\000t\000w\000o\000r\000k\000\040\000f\000o\000r\000m\000a\000t\000i\000o\000n\000\040\000m\000o\000d\000e\000l\000\040\000f\000o\000r\000\040\000s\000o\000c\000i\000a\000l\000\040\000i\000n\000f\000l\000u\000e\000n\000c\000e}{section.1}% 11
\BOOKMARK [1][-]{section.2}{\376\377\000M\000e\000t\000h\000o\000d\000s}{}% 12
\BOOKMARK [2][-]{subsection.2.1}{\376\377\000M\000o\000d\000e\000l\000\040\000s\000p\000e\000c\000i\000f\000i\000c\000a\000t\000i\000o\000n}{section.2}% 13
\BOOKMARK [2][-]{subsection.2.2}{\376\377\000M\000o\000d\000e\000l\000\040\000f\000i\000t\000t\000i\000n\000g}{section.2}% 14
\BOOKMARK [1][-]{section.3}{\376\377\000M\000o\000d\000e\000l\000\040\000i\000n\000v\000e\000s\000t\000i\000g\000a\000t\000i\000o\000n}{}% 15
\BOOKMARK [2][-]{subsection.3.1}{\376\377\000T\000h\000e\000\040\000e\000f\000f\000e\000c\000t\000\040\000o\000f\000\040\000r\000a\000n\000d\000o\000m\000n\000e\000s\000s}{section.3}% 16
\BOOKMARK [2][-]{subsection.3.2}{\376\377\000T\000h\000e\000\040\000e\000f\000f\000e\000c\000t\000\040\000o\000f\000\040\000t\000h\000e\000\040\000b\000o\000u\000n\000d\000a\000r\000y\000\040\000t\000h\000r\000e\000s\000h\000o\000l\000d}{section.3}% 17
\BOOKMARK [2][-]{subsection.3.3}{\376\377\000T\000h\000e\000\040\000e\000f\000f\000e\000c\000t\000\040\000o\000f\000\040\000h\000o\000m\000o\000p\000h\000i\000l\000y}{section.3}% 18
\BOOKMARK [2][-]{subsection.3.4}{\376\377\000I\000m\000p\000o\000r\000t\000a\000n\000t\000\040\000i\000n\000t\000e\000r\000a\000c\000t\000i\000o\000n\000s}{section.3}% 19
\BOOKMARK [1][-]{section.4}{\376\377\000R\000e\000s\000u\000l\000t\000s}{}% 20
\BOOKMARK [2][-]{subsection.4.1}{\376\377\000N\000e\000t\000w\000o\000r\000k\000\040\000g\000e\000n\000e\000r\000a\000t\000i\000o\000n}{section.4}% 21
\BOOKMARK [2][-]{subsection.4.2}{\376\377\000O\000p\000i\000n\000i\000o\000n\000\040\000g\000e\000n\000e\000r\000a\000t\000i\000o\000n}{section.4}% 22
\BOOKMARK [1][-]{section.5}{\376\377\000D\000i\000s\000c\000u\000s\000s\000i\000o\000n}{}% 23
\BOOKMARK [1][-]{section.6}{\376\377\000C\000o\000n\000c\000l\000u\000s\000i\000o\000n}{}% 24
\BOOKMARK [1][-]{section.7}{\376\377\000P\000r\000e\000s\000e\000n\000t\000a\000t\000i\000o\000n}{}% 25
\BOOKMARK [2][-]{subsection.7.1}{\376\377\000I\000n\000t\000r\000o\000\040\000-\000\040\000W\000h\000y\000\040\000s\000h\000o\000u\000l\000d\000\040\000p\000e\000o\000p\000l\000e\000\040\000c\000a\000r\000e\000?}{section.7}% 26
\BOOKMARK [2][-]{subsection.7.2}{\376\377\000M\000o\000d\000e\000l\000s\000\040\000o\000f\000\040\000O\000p\000i\000n\000i\000o\000n\000\040\000D\000y\000n\000a\000m\000i\000c\000s}{section.7}% 27
\BOOKMARK [1][-]{section.8}{\376\377\000F\000i\000g\000u\000r\000e\000s\000\040\000a\000n\000d\000\040\000T\000a\000b\000l\000e\000s}{}% 28
